\BOOKMARK [0][-]{title.0}{Titlepage}{}% 1
\BOOKMARK [0][-]{chapter.1}{Einleitung}{}% 2
\BOOKMARK [0][-]{chapter.2}{Aufbau}{}% 3
\BOOKMARK [1][-]{section.2.1}{Spiegelablenkeinheit}{chapter.2}% 4
\BOOKMARK [2][-]{subsection.2.1.1}{Berechnung der Winkel}{section.2.1}% 5
\BOOKMARK [2][-]{subsection.2.1.2}{Marken f\374r Endpositionen}{section.2.1}% 6
\BOOKMARK [1][-]{section.2.2}{Inkrementalgeber}{chapter.2}% 7
\BOOKMARK [2][-]{subsection.2.2.1}{Funktionsweise}{section.2.2}% 8
\BOOKMARK [2][-]{subsection.2.2.2}{Betrachtung durch endliche Automaten}{section.2.2}% 9
\BOOKMARK [2][-]{subsection.2.2.3}{Fehlerquellen}{section.2.2}% 10
\BOOKMARK [2][-]{subsection.2.2.4}{Nulldurchgangsdetektion mit gro\337er Schrittmarke}{section.2.2}% 11
\BOOKMARK [2][-]{subsection.2.2.5}{Beispielscheibe f\374r Inkrementalgeber}{section.2.2}% 12
\BOOKMARK [0][-]{chapter.3}{Elektronik}{}% 13
\BOOKMARK [1][-]{section.3.1}{Schrittmotoren}{chapter.3}% 14
\BOOKMARK [2][-]{subsection.3.1.1}{Funktionsweise}{section.3.1}% 15
\BOOKMARK [2][-]{subsection.3.1.2}{Eingesetzte Schrittmotoren}{section.3.1}% 16
\BOOKMARK [2][-]{subsection.3.1.3}{Ansteuerung}{section.3.1}% 17
\BOOKMARK [2][-]{subsection.3.1.4}{H-Br\374cke}{section.3.1}% 18
\BOOKMARK [2][-]{subsection.3.1.5}{Vollschrittbetrieb}{section.3.1}% 19
\BOOKMARK [2][-]{subsection.3.1.6}{Halbschrittbetrieb}{section.3.1}% 20
\BOOKMARK [2][-]{subsection.3.1.7}{Mikroschrittbetrieb}{section.3.1}% 21
\BOOKMARK [1][-]{section.3.2}{Auswertung der Gabellichtschranken}{chapter.3}% 22
\BOOKMARK [1][-]{section.3.3}{Laser-Detektion}{chapter.3}% 23
\BOOKMARK [2][-]{subsection.3.3.1}{Transimpedanzverst\344rker}{section.3.3}% 24
\BOOKMARK [2][-]{subsection.3.3.2}{Transiente Vorg\344nge}{section.3.3}% 25
\BOOKMARK [2][-]{subsection.3.3.3}{Quadrantendiode}{section.3.3}% 26
\BOOKMARK [2][-]{subsection.3.3.4}{Auswertung}{section.3.3}% 27
\BOOKMARK [2][-]{subsection.3.3.5}{Verbesserte Verfahren}{section.3.3}% 28
\BOOKMARK [0][-]{chapter.4}{Software}{}% 29
\BOOKMARK [1][-]{section.4.1}{Controller}{chapter.4}% 30
\BOOKMARK [1][-]{section.4.2}{Schrittmotoren}{chapter.4}% 31
\BOOKMARK [2][-]{subsection.4.2.1}{Ablauf}{section.4.2}% 32
\BOOKMARK [2][-]{subsection.4.2.2}{Timing}{section.4.2}% 33
\BOOKMARK [1][-]{section.4.3}{Quadratur Encoder}{chapter.4}% 34
\BOOKMARK [1][-]{section.4.4}{Auswertung der Fotodioden}{chapter.4}% 35
\BOOKMARK [2][-]{subsection.4.4.1}{Ablauf}{section.4.4}% 36
\BOOKMARK [2][-]{subsection.4.4.2}{Timing}{section.4.4}% 37
\BOOKMARK [1][-]{section.4.5}{Implementierung einer Regelung}{chapter.4}% 38
\BOOKMARK [2][-]{subsection.4.5.1}{Charakteristik einer Fotodiode}{section.4.5}% 39
\BOOKMARK [2][-]{subsection.4.5.2}{Charakteristik aller Fotodioden}{section.4.5}% 40
\BOOKMARK [2][-]{subsection.4.5.3}{Entwurf eines Dreipunktreglers}{section.4.5}% 41
\BOOKMARK [2][-]{subsection.4.5.4}{Implementierung eines Dreipunktreglers}{section.4.5}% 42
\BOOKMARK [0][-]{chapter.5}{Zusammenfassung}{}% 43
\BOOKMARK [0][-]{chapter.5}{Wissenschaftliche Literatur}{}% 44
\BOOKMARK [0][-]{chapter*.28}{Internet Referenzen}{}% 45
